<?xml version="1.0" encoding="UTF-8"?>
<!-- Generated by org.testng.reporters.JUnitXMLReporter -->
<testsuite hostname="DESKTOP-R0FCB55" name="Test" tests="8" failures="0" timestamp="16 Apr 2021 14:38:29 GMT" time="3.651" errors="0">
  <testcase name="putTest_01" time="1.956" classname="com.qa.test.PUT_Request"/>
  <testcase name="postTest_01" time="0.152" classname="com.qa.test.POST_Request"/>
  <testcase name="postTest_01" time="0.168" classname="com.qa.test.POST_Request"/>
  <testcase name="testDelete_01" time="0.184" classname="com.qa.test.Delete_Request"/>
  <testcase name="test_01" time="0.857" classname="com.qa.test.GET_Request"/>
  <testcase name="test_02" time="0.12" classname="com.qa.test.GET_Request"/>
  <testcase name="test_03" time="0.104" classname="com.qa.test.GET_Request"/>
  <testcase name="test_04" time="0.088" classname="com.qa.test.GET_Request"/>
</testsuite> <!-- Test -->
