<?xml version="1.0" encoding="UTF-8"?>
<testng-results skipped="0" failed="0" total="1" passed="1">
  <reporter-output>
  </reporter-output>
  <suite name="Default suite" duration-ms="2256" started-at="2021-04-16T14:46:49Z" finished-at="2021-04-16T14:46:52Z">
    <groups>
    </groups>
    <test name="Default test" duration-ms="2256" started-at="2021-04-16T14:46:49Z" finished-at="2021-04-16T14:46:52Z">
      <class name="com.qa.test.POST_Request">
        <test-method status="PASS" signature="postTest_03()[pri:0, instance:com.qa.test.POST_Request@2a2d45ba]" name="postTest_03" duration-ms="2243" started-at="2021-04-16T16:46:49Z" finished-at="2021-04-16T16:46:52Z">
          <reporter-output>
          </reporter-output>
        </test-method> <!-- postTest_03 -->
      </class> <!-- com.qa.test.POST_Request -->
    </test> <!-- Default test -->
  </suite> <!-- Default suite -->
</testng-results>
